<?xml version="1.0" encoding="UTF-8"?>
<!-- Generated by org.testng.reporters.JUnitReportReporter -->
<testsuite hostname="Testing-Sys372" failures="0" tests="5" name="testCases.Caseexecutor" time="9.665" errors="0" timestamp="2025-01-22T10:47:19 IST" skipped="0">
  <testcase classname="testCases.Caseexecutor" name="Loginpage" time="1.483"/>
  <testcase classname="testCases.Caseexecutor" name="Popclose" time="4.133"/>
  <testcase classname="testCases.Caseexecutor" name="Blogpage" time="1.679"/>
  <testcase classname="testCases.Caseexecutor" name="Blogpostcreation" time="1.642"/>
  <testcase classname="testCases.Caseexecutor" name="Blogpostdashboard" time="0.728"/>
</testsuite> <!-- testCases.Caseexecutor -->
