<?xml version="1.0" encoding="UTF-8"?>
<!-- Generated by org.testng.reporters.JUnitReportReporter -->
<testsuite hostname="LAPTOP-GRLETHFU" failures="0" tests="5" name="testCases.TC_LoginTest" time="29.254" errors="0" timestamp="2024-12-23T12:03:00 IST" skipped="0">
  <testcase classname="testCases.TC_LoginTest" name="logintesttc" time="2.152"/>
  <testcase classname="testCases.TC_LoginTest" name="menusecttc" time="3.101"/>
  <testcase classname="testCases.TC_LoginTest" name="productpagetc" time="1.181"/>
  <testcase classname="testCases.TC_LoginTest" name="cartpagetc" time="3.011"/>
  <testcase classname="testCases.TC_LoginTest" name="shipaddpage" time="19.809"/>
</testsuite> <!-- testCases.TC_LoginTest -->
