<?xml version="1.0" encoding="UTF-8"?>
<!-- Generated by org.testng.reporters.JUnitReportReporter -->
<testsuite hostname="Testing-Sys372" failures="0" tests="7" name="testCases.Caseexecutor" time="27.401" errors="0" timestamp="2025-01-23T10:31:36 IST" skipped="0">
  <testcase classname="testCases.Caseexecutor" name="Loginpage" time="1.415"/>
  <testcase classname="testCases.Caseexecutor" name="Popclose" time="4.113"/>
  <testcase classname="testCases.Caseexecutor" name="Categoriespage" time="0.771"/>
  <testcase classname="testCases.Caseexecutor" name="Blogpage" time="1.453"/>
  <testcase classname="testCases.Caseexecutor" name="Blogpostcreation" time="5.469"/>
  <testcase classname="testCases.Caseexecutor" name="Blogpostdashboard" time="12.390"/>
  <testcase classname="testCases.Caseexecutor" name="Blogpostedit" time="1.790"/>
</testsuite> <!-- testCases.Caseexecutor -->
